[debug] [2019-11-18T21:26:35.921Z] ----------------------------------------------------------------------
[debug] [2019-11-18T21:26:35.923Z] Command:       /usr/bin/node /usr/local/bin/firebase serve
[debug] [2019-11-18T21:26:35.923Z] CLI Version:   7.7.0
[debug] [2019-11-18T21:26:35.923Z] Platform:      linux
[debug] [2019-11-18T21:26:35.923Z] Node Version:  v8.10.0
[debug] [2019-11-18T21:26:35.923Z] Time:          Tue Nov 19 2019 02:56:35 GMT+0530 (IST)
[debug] [2019-11-18T21:26:35.923Z] ----------------------------------------------------------------------
[debug] [2019-11-18T21:26:35.923Z] 
[debug] [2019-11-18T21:26:35.926Z] > command requires scopes: ["email","openid","https://www.googleapis.com/auth/cloudplatformprojects.readonly","https://www.googleapis.com/auth/firebase","https://www.googleapis.com/auth/cloud-platform"]
[debug] [2019-11-18T21:26:35.926Z] > authorizing via signed-in user
[debug] [2019-11-18T21:26:35.926Z] [iam] checking project tele-a36a5 for permissions ["firebase.projects.get"]
[debug] [2019-11-18T21:26:35.927Z] > refreshing access token with scopes: ["email","https://www.googleapis.com/auth/cloud-platform","https://www.googleapis.com/auth/cloudplatformprojects.readonly","https://www.googleapis.com/auth/firebase","openid"]
[debug] [2019-11-18T21:26:35.927Z] >>> HTTP REQUEST POST https://www.googleapis.com/oauth2/v3/token  
 <request body omitted>
[debug] [2019-11-18T21:26:36.123Z] <<< HTTP RESPONSE 200
[debug] [2019-11-18T21:26:36.130Z] >>> HTTP REQUEST POST https://cloudresourcemanager.googleapis.com/v1/projects/tele-a36a5:testIamPermissions  

[debug] [2019-11-18T21:26:37.610Z] <<< HTTP RESPONSE 200
[debug] [2019-11-18T21:26:37.613Z] >>> HTTP REQUEST GET https://firebase.googleapis.com/v1beta1/projects/tele-a36a5  
 
[debug] [2019-11-18T21:26:37.985Z] <<< HTTP RESPONSE 200
[info] 
[info] === Serving from '/home/meera/WallOfFameServer'...
[info] 
[debug] [2019-11-18T21:26:37.996Z] >>> HTTP REQUEST GET https://firebase.googleapis.com/v1beta1/projects/tele-a36a5/webApps/-/config  
 
[info] ✔  functions: Using node@8 from host.
[info] ✔  functions: Emulator started at http://localhost:5001
[debug] [2019-11-18T21:26:38.799Z] <<< HTTP RESPONSE 200
[info] i  functions: Watching "/home/meera/WallOfFameServer/functions" for Cloud Functions...
[debug] [2019-11-18T21:26:38.814Z] [worker-~diagnostic~-6e59e0d0-db72-47f3-b858-3abe73cc2537]: BUSY
[info] i  hosting: Serving hosting files from: public
[info] ✔  hosting: Local server: http://localhost:5000
[debug] [2019-11-18T21:26:39.179Z] [runtime-status] Functions runtime initialized. {"cwd":"/home/meera/WallOfFameServer/functions","node_version":"8.10.0"}
[debug] [2019-11-18T21:26:39.180Z] [runtime-status] Disabled runtime features: {"functions_config_helper":true,"network_filtering":true,"timeout":true,"memory_limiting":true,"admin_stubs":true} {}
[debug] [2019-11-18T21:26:39.181Z] [runtime-status] Resolved module firebase-admin {"declared":true,"installed":true,"version":"8.7.0","resolution":"/home/meera/WallOfFameServer/functions/node_modules/firebase-admin/lib/index.js"}
[debug] [2019-11-18T21:26:39.182Z] [runtime-status] Resolved module firebase-functions {"declared":true,"installed":true,"version":"3.3.0","resolution":"/home/meera/WallOfFameServer/functions/node_modules/firebase-functions/lib/index.js"}
[debug] [2019-11-18T21:26:39.182Z] [runtime-status] Resolved module firebase-functions {"declared":true,"installed":true,"version":"3.3.0","resolution":"/home/meera/WallOfFameServer/functions/node_modules/firebase-functions/lib/index.js"}
[info] ✔  functions[app]: http function initialized (http://localhost:5001/tele-a36a5/us-central1/app).
[debug] [2019-11-18T21:26:39.326Z] [worker-~diagnostic~-6e59e0d0-db72-47f3-b858-3abe73cc2537]: exited
[debug] [2019-11-18T21:26:39.326Z] [worker-~diagnostic~-6e59e0d0-db72-47f3-b858-3abe73cc2537]: FINISHED
[debug] [2019-11-18T21:26:46.991Z] Accepted request POST /tele-a36a5/us-central1/app/setPostSql --> app
[debug] [2019-11-18T21:26:46.993Z] [worker-app-719f7606-1ef8-42c1-8f4f-dfeb6c5a7953]: BUSY
[debug] [2019-11-18T21:26:47.338Z] [runtime-status] Functions runtime initialized. {"cwd":"/home/meera/WallOfFameServer/functions","node_version":"8.10.0"}
[debug] [2019-11-18T21:26:47.340Z] [runtime-status] Disabled runtime features: {"functions_config_helper":true,"network_filtering":true,"timeout":true,"memory_limiting":true,"admin_stubs":true} {}
[debug] [2019-11-18T21:26:47.341Z] [runtime-status] Resolved module firebase-admin {"declared":true,"installed":true,"version":"8.7.0","resolution":"/home/meera/WallOfFameServer/functions/node_modules/firebase-admin/lib/index.js"}
[debug] [2019-11-18T21:26:47.342Z] [runtime-status] Resolved module firebase-functions {"declared":true,"installed":true,"version":"3.3.0","resolution":"/home/meera/WallOfFameServer/functions/node_modules/firebase-functions/lib/index.js"}
[debug] [2019-11-18T21:26:47.342Z] [runtime-status] Resolved module firebase-functions {"declared":true,"installed":true,"version":"3.3.0","resolution":"/home/meera/WallOfFameServer/functions/node_modules/firebase-functions/lib/index.js"}
[debug] [2019-11-18T21:26:47.455Z] [runtime-status] Trigger "app" has been found, beginning invocation! {}
[info] i  functions: Beginning execution of "app"
[debug] [2019-11-18T21:26:47.455Z] [runtime-status]  {"httpsTrigger":{},"name":"app","entryPoint":"app"}
[debug] [2019-11-18T21:26:47.455Z] [runtime-status] Running app in mode HTTPS {}
[debug] [2019-11-18T21:26:47.461Z] {"socketPath":"/tmp/firebase_emulator_invocation_19516.sock"}
[debug] [2019-11-18T21:26:47.463Z] [functions] Runtime ready! Sending request! {"socketPath":"/tmp/firebase_emulator_invocation_19516.sock"}
[debug] [2019-11-18T21:26:47.516Z] [runtime-status] Ephemeral server used! {}
[debug] [2019-11-18T21:26:47.518Z] [runtime-status] Ephemeral server survived. {}
[info] >  Unhandled rejection Error: ER_ACCESS_DENIED_ERROR: Access denied for user 'root'@'localhost' (using password: YES)
[info] >      at Handshake.Sequence._packetToError (/home/meera/WallOfFameServer/functions/node_modules/promise-mysql/node_modules/mysql/lib/protocol/sequences/Sequence.js:47:14)
[info] >      at Handshake.ErrorPacket (/home/meera/WallOfFameServer/functions/node_modules/promise-mysql/node_modules/mysql/lib/protocol/sequences/Handshake.js:123:18)
[info] >      at Protocol._parsePacket (/home/meera/WallOfFameServer/functions/node_modules/promise-mysql/node_modules/mysql/lib/protocol/Protocol.js:291:23)
[info] >      at Parser._parsePacket (/home/meera/WallOfFameServer/functions/node_modules/promise-mysql/node_modules/mysql/lib/protocol/Parser.js:433:10)
[info] >      at Parser.write (/home/meera/WallOfFameServer/functions/node_modules/promise-mysql/node_modules/mysql/lib/protocol/Parser.js:43:10)
[info] >      at Protocol.write (/home/meera/WallOfFameServer/functions/node_modules/promise-mysql/node_modules/mysql/lib/protocol/Protocol.js:38:16)
[info] >      at Socket.<anonymous> (/home/meera/WallOfFameServer/functions/node_modules/promise-mysql/node_modules/mysql/lib/Connection.js:91:28)
[info] >      at Socket.<anonymous> (/home/meera/WallOfFameServer/functions/node_modules/promise-mysql/node_modules/mysql/lib/Connection.js:525:10)
[info] >      at emitOne (events.js:116:13)
[info] >      at Socket.emit (events.js:211:7)
[info] >      at addChunk (_stream_readable.js:263:12)
[info] >      at readableAddChunk (_stream_readable.js:250:11)
[info] >      at Socket.Readable.push (_stream_readable.js:208:10)
[info] >      at TCP.onread (net.js:607:20)
[info] >      --------------------
[info] >      at Protocol._enqueue (/home/meera/WallOfFameServer/functions/node_modules/promise-mysql/node_modules/mysql/lib/protocol/Protocol.js:144:48)
[info] >      at Protocol.handshake (/home/meera/WallOfFameServer/functions/node_modules/promise-mysql/node_modules/mysql/lib/protocol/Protocol.js:51:23)
[info] >      at Connection.connect (/home/meera/WallOfFameServer/functions/node_modules/promise-mysql/node_modules/mysql/lib/Connection.js:119:18)
[info] >      at Promise (/home/meera/WallOfFameServer/functions/node_modules/promise-mysql/lib/connection.js:123:20)
[info] >      at Promise._execute (/home/meera/WallOfFameServer/functions/node_modules/bluebird/js/release/debuggability.js:411:9)
[info] >      at Promise._resolveFromExecutor (/home/meera/WallOfFameServer/functions/node_modules/bluebird/js/release/promise.js:518:18)
[info] >      at new Promise (/home/meera/WallOfFameServer/functions/node_modules/bluebird/js/release/promise.js:103:10)
[info] >      at connect (/home/meera/WallOfFameServer/functions/node_modules/promise-mysql/lib/connection.js:122:12)
[info] >      at Promise.resolve.then (/home/meera/WallOfFameServer/functions/node_modules/promise-mysql/lib/connection.js:43:31)
[info] >      at tryCatcher (/home/meera/WallOfFameServer/functions/node_modules/bluebird/js/release/util.js:16:23)
[info] >      at Promise._settlePromiseFromHandler (/home/meera/WallOfFameServer/functions/node_modules/bluebird/js/release/promise.js:547:31)
[info] >      at Promise._settlePromise (/home/meera/WallOfFameServer/functions/node_modules/bluebird/js/release/promise.js:604:18)
[info] >      at Promise._settlePromiseCtx (/home/meera/WallOfFameServer/functions/node_modules/bluebird/js/release/promise.js:641:10)
[info] >      at _drainQueueStep (/home/meera/WallOfFameServer/functions/node_modules/bluebird/js/release/async.js:97:12)
[info] >      at _drainQueue (/home/meera/WallOfFameServer/functions/node_modules/bluebird/js/release/async.js:86:9)
[info] >      at Async._drainQueues (/home/meera/WallOfFameServer/functions/node_modules/bluebird/js/release/async.js:102:5)
[info] >  not able to run query { Error: ER_PARSE_ERROR: You have an error in your SQL syntax; check the manual that corresponds to your MySQL server version for the right syntax to use near 'like, unlike) VALUES ("post_1234","feb_2019","","cre_1234",0,0)' at line 1
[info] >      at Query.Sequence._packetToError (/home/meera/WallOfFameServer/functions/node_modules/promise-mysql/node_modules/mysql/lib/protocol/sequences/Sequence.js:47:14)
[info] >      at Query.ErrorPacket (/home/meera/WallOfFameServer/functions/node_modules/promise-mysql/node_modules/mysql/lib/protocol/sequences/Query.js:77:18)
[info] >      at Protocol._parsePacket (/home/meera/WallOfFameServer/functions/node_modules/promise-mysql/node_modules/mysql/lib/protocol/Protocol.js:291:23)
[info] >      at Parser._parsePacket (/home/meera/WallOfFameServer/functions/node_modules/promise-mysql/node_modules/mysql/lib/protocol/Parser.js:433:10)
[info] >      at Parser.write (/home/meera/WallOfFameServer/functions/node_modules/promise-mysql/node_modules/mysql/lib/protocol/Parser.js:43:10)
[info] >      at Protocol.write (/home/meera/WallOfFameServer/functions/node_modules/promise-mysql/node_modules/mysql/lib/protocol/Protocol.js:38:16)
[info] >      at Socket.<anonymous> (/home/meera/WallOfFameServer/functions/node_modules/promise-mysql/node_modules/mysql/lib/Connection.js:91:28)
[info] >      at Socket.<anonymous> (/home/meera/WallOfFameServer/functions/node_modules/promise-mysql/node_modules/mysql/lib/Connection.js:525:10)
[info] >      at emitOne (events.js:116:13)
[info] >      at Socket.emit (events.js:211:7)
[info] >      at addChunk (_stream_readable.js:263:12)
[info] >      at readableAddChunk (_stream_readable.js:250:11)
[info] >      at Socket.Readable.push (_stream_readable.js:208:10)
[info] >      at TCP.onread (net.js:607:20)
[info] >      --------------------
[info] >      at Protocol._enqueue (/home/meera/WallOfFameServer/functions/node_modules/promise-mysql/node_modules/mysql/lib/protocol/Protocol.js:144:48)
[info] >      at PoolConnection.query (/home/meera/WallOfFameServer/functions/node_modules/promise-mysql/node_modules/mysql/lib/Connection.js:201:25)
[info] >      at Promise (/home/meera/WallOfFameServer/functions/node_modules/promise-mysql/lib/helper.js:26:45)
[info] >      at Promise._execute (/home/meera/WallOfFameServer/functions/node_modules/bluebird/js/release/debuggability.js:411:9)
[info] >      at Promise._resolveFromExecutor (/home/meera/WallOfFameServer/functions/node_modules/bluebird/js/release/promise.js:518:18)
[info] >      at new Promise (/home/meera/WallOfFameServer/functions/node_modules/bluebird/js/release/promise.js:103:10)
[info] >      at PoolConnection.promiseCallback (/home/meera/WallOfFameServer/functions/node_modules/promise-mysql/lib/helper.js:8:16)
[info] >      at poolConnection.query (/home/meera/WallOfFameServer/functions/node_modules/promise-mysql/lib/connection.js:55:32)
[info] >      at connection.beginTransaction.then (/home/meera/WallOfFameServer/functions/index.js:47:39)
[info] >      at tryCatcher (/home/meera/WallOfFameServer/functions/node_modules/bluebird/js/release/util.js:16:23)
[info] >      at Promise._settlePromiseFromHandler (/home/meera/WallOfFameServer/functions/node_modules/bluebird/js/release/promise.js:547:31)
[info] >      at Promise._settlePromise (/home/meera/WallOfFameServer/functions/node_modules/bluebird/js/release/promise.js:604:18)
[info] >      at Promise._settlePromise0 (/home/meera/WallOfFameServer/functions/node_modules/bluebird/js/release/promise.js:649:10)
[info] >      at Promise._settlePromises (/home/meera/WallOfFameServer/functions/node_modules/bluebird/js/release/promise.js:729:18)
[info] >      at _drainQueueStep (/home/meera/WallOfFameServer/functions/node_modules/bluebird/js/release/async.js:93:12)
[info] >      at _drainQueue (/home/meera/WallOfFameServer/functions/node_modules/bluebird/js/release/async.js:86:9)
[info] >    code: 'ER_PARSE_ERROR',
[info] >    errno: 1064,
[info] >    sqlMessage: 'You have an error in your SQL syntax; check the manual that corresponds to your MySQL server version for the right syntax to use near \'like, unlike) VALUES ("post_1234","feb_2019","","cre_1234",0,0)\' at line 1',
[info] >    sqlState: '42000',
[info] >    index: 0,
[info] >    sql: 'INSERT INTO wallfame_post_table (postId, date, imageUrl, creatorId, like, unlike) VALUES ("post_1234","feb_2019","","cre_1234",0,0);' }
[info] >  query not able to run query is  INSERT INTO wallfame_post_table (postId, date, imageUrl, creatorId, like, unlike) VALUES ("post_1234","feb_2019","","cre_1234",0,0);
[info] >  sql result undefined
[info] i  functions: Finished "app" in ~1s
[debug] [2019-11-18T21:26:47.534Z] [worker-app-719f7606-1ef8-42c1-8f4f-dfeb6c5a7953]: IDLE
